<?xml version="1.0" encoding="UTF-8"?>
<!-- Generated by org.testng.reporters.JUnitXMLReporter -->
<testsuite hostname="MBP-cua-Ta" ignored="0" name="TblUsersDAONGTest" tests="3" failures="0" timestamp="17 Jan 2024 01:23:11 GMT" time="0.353" errors="0">
  <testcase name="testInvalidLoginData" time="0.284" classname="pe.tblUsers.TblUsersDAONGTest"/>
  <testcase name="testValidLoginData" time="0.031" classname="pe.tblUsers.TblUsersDAONGTest"/>
  <testcase name="testValidLoginData" time="0.024" classname="pe.tblUsers.TblUsersDAONGTest"/>
</testsuite> <!-- TblUsersDAONGTest -->
